Determining if the pthread_create exist failed with the following output:
Change Dir: /home/nikita/ClionProjects/Server_Pioner/cmake-build-debug/CMakeFiles/CMakeTmp

Run Build Command:"/usr/bin/make" "cmTC_bf834/fast"
/usr/bin/make -f CMakeFiles/cmTC_bf834.dir/build.make CMakeFiles/cmTC_bf834.dir/build
make[1]: Entering directory `/home/nikita/ClionProjects/Server_Pioner/cmake-build-debug/CMakeFiles/CMakeTmp'
Building C object CMakeFiles/cmTC_bf834.dir/CheckSymbolExists.c.o
/usr/bin/cc     -o CMakeFiles/cmTC_bf834.dir/CheckSymbolExists.c.o   -c /home/nikita/ClionProjects/Server_Pioner/cmake-build-debug/CMakeFiles/CMakeTmp/CheckSymbolExists.c
Linking C executable cmTC_bf834
/home/nikita/clion-2016.3/bin/cmake/bin/cmake -E cmake_link_script CMakeFiles/cmTC_bf834.dir/link.txt --verbose=1
/usr/bin/cc       CMakeFiles/cmTC_bf834.dir/CheckSymbolExists.c.o  -o cmTC_bf834 
CMakeFiles/cmTC_bf834.dir/CheckSymbolExists.c.o: In function `main':
CheckSymbolExists.c:(.text+0x16): undefined reference to `pthread_create'
collect2: error: ld returned 1 exit status
make[1]: *** [cmTC_bf834] Error 1
make[1]: Leaving directory `/home/nikita/ClionProjects/Server_Pioner/cmake-build-debug/CMakeFiles/CMakeTmp'
make: *** [cmTC_bf834/fast] Error 2

File /home/nikita/ClionProjects/Server_Pioner/cmake-build-debug/CMakeFiles/CMakeTmp/CheckSymbolExists.c:
/* */
#include <pthread.h>

int main(int argc, char** argv)
{
  (void)argv;
#ifndef pthread_create
  return ((int*)(&pthread_create))[argc];
#else
  (void)argc;
  return 0;
#endif
}

Determining if the function pthread_create exists in the pthreads failed with the following output:
Change Dir: /home/nikita/ClionProjects/Server_Pioner/cmake-build-debug/CMakeFiles/CMakeTmp

Run Build Command:"/usr/bin/make" "cmTC_5b858/fast"
/usr/bin/make -f CMakeFiles/cmTC_5b858.dir/build.make CMakeFiles/cmTC_5b858.dir/build
make[1]: Entering directory `/home/nikita/ClionProjects/Server_Pioner/cmake-build-debug/CMakeFiles/CMakeTmp'
Building C object CMakeFiles/cmTC_5b858.dir/CheckFunctionExists.c.o
/usr/bin/cc    -DCHECK_FUNCTION_EXISTS=pthread_create   -o CMakeFiles/cmTC_5b858.dir/CheckFunctionExists.c.o   -c /home/nikita/clion-2016.3/bin/cmake/share/cmake-3.6/Modules/CheckFunctionExists.c
Linking C executable cmTC_5b858
/home/nikita/clion-2016.3/bin/cmake/bin/cmake -E cmake_link_script CMakeFiles/cmTC_5b858.dir/link.txt --verbose=1
/usr/bin/cc   -DCHECK_FUNCTION_EXISTS=pthread_create    CMakeFiles/cmTC_5b858.dir/CheckFunctionExists.c.o  -o cmTC_5b858 -lpthreads 
/usr/bin/ld: cannot find -lpthreads
collect2: error: ld returned 1 exit status
make[1]: *** [cmTC_5b858] Error 1
make[1]: Leaving directory `/home/nikita/ClionProjects/Server_Pioner/cmake-build-debug/CMakeFiles/CMakeTmp'
make: *** [cmTC_5b858/fast] Error 2


